------------CookieItems---------------
-H "Cookie: CP_SW_U_Id=0d60d240-198c-4b09-b678-1823761f3963_74wff3; W_CP_T_Id=dt9_742fedda9d-a96c-43fb-b427-5676a15ad6d1s1sr; cpsCookie="%"7B"%"22wi"%"22"%"3A"%"22MTUwfDAwMTcwZTAzNjgzODkwYmEwZDM0"%"22"%"2C"%"22src"%"22"%"3A"%"22yiqifa"%"22"%"2C"%"22cid"%"22"%"3A"%"2217169"%"22"%"2C"%"22channel"%"22"%"3A"%"22cps"%"22"%"7D; oYME_2132_saltkey=V17T5d8d; oYME_2132_lastvisit=1404127758; oYME_2132_auth=7504zKUlXU3RfwyGH5Ejth8bGTLxJaSJhAVu8NKPr8URT0s1ogjniqtQv4Sg7GYcfOsUfF"%"2F61hM0m"%"2FHMLgiQFbTI0"%"2Bgm; oYME_2132_lip=61.141.236.19"%"2C1404131369; oYME_2132_nofavfid=1; oYME_2132_atarget=1; oYME_2132_home_diymode=1; oYME_2132_security_cookiereport=bc4cE76i2LrZKZotfjsF"%"2BZGpY"%"2F"%"2F"%"2FAFRNEL7F6eZ9PBF0NLwTyIh6; oYME_2132_ulastactivity=1404305055"%"7C0; oYME_2132_sendmail=1; oYME_2132_lastcheckfeed=3514011"%"7C1404305151; oYME_2132_st_t=3514011"%"7C1404305154"%"7C4a5992d5a4c104c3571ba467d256f197; oYME_2132_forum_lastvisit=D_1090_1404131398D_1086_1404305154; oYME_2132_visitedfid=1086D1090D1059D1067D1075; oYME_2132_lastact=1404305159"%"09forum.php"%"09viewthread; oYME_2132_connect_is_bind=0; oYME_2132_st_p=3514011"%"7C1404305159"%"7C71c1df262f6e612ebf82d561e6fd7d7b; oYME_2132_viewid=tid_2706675; oYME_2132_smile=1D1; Hm_lvt_519b9dfdb2cec4e6976825a44673072f=1404120543; Hm_lpvt_519b9dfdb2cec4e6976825a44673072f=1404305161; oYME_2132_noticeTitle=1" -H "RA-Sid: 3D8DEC13-20140630-025524-7be0a2-6e9f88" -H "Origin: http://bbs.coolpad.com" -H "Accept-Encoding: gzip,deflate,sdch" -H "Accept-Language: zh-CN,zh;q=0.8,en;q=0.6,zh-TW;q=0.4" -H "User-Agent: Mozilla/5.0 (Windows NT 5.1) AppleWebKit/537.36 (KHTML, like Gecko) Chrome/34.0.1847.137 Safari/537.36" -H "Content-Type: application/x-www-form-urlencoded" -H "Accept: text/html,application/xhtml+xml,application/xml;q=0.9,image/webp,*/*;q=0.8" -H "Cache-Control: max-age=0" -H "Referer: http://bbs.coolpad.com/forum.php?mod=viewthread&tid=2706675" -H "Connection: keep-alive" -H "RA-Ver: 2.2.25" --data "message=
-------------FormHash---------------
2f6102a2
***********User Command Fragment**************
curl "http://bbs.coolpad.com/forum.php?mod=post&action=reply&fid=1086&tid=2706675&extra=&replysubmit=yes&infloat=yes&handlekey=fastpost&inajax=1" -H "Cookie: CP_SW_U_Id=0d60d240-198c-4b09-b678-1823761f3963_74wff3; W_CP_T_Id=dt9_742fedda9d-a96c-43fb-b427-5676a15ad6d1s1sr; cpsCookie="%"7B"%"22wi"%"22"%"3A"%"22MTUwfDAwMTcwZTAzNjgzODkwYmEwZDM0"%"22"%"2C"%"22src"%"22"%"3A"%"22yiqifa"%"22"%"2C"%"22cid"%"22"%"3A"%"2217169"%"22"%"2C"%"22channel"%"22"%"3A"%"22cps"%"22"%"7D; oYME_2132_saltkey=V17T5d8d; oYME_2132_lastvisit=1404127758; oYME_2132_auth=7504zKUlXU3RfwyGH5Ejth8bGTLxJaSJhAVu8NKPr8URT0s1ogjniqtQv4Sg7GYcfOsUfF"%"2F61hM0m"%"2FHMLgiQFbTI0"%"2Bgm; oYME_2132_lip=61.141.236.19"%"2C1404131369; oYME_2132_nofavfid=1; oYME_2132_atarget=1; oYME_2132_home_diymode=1; oYME_2132_security_cookiereport=bc4cE76i2LrZKZotfjsF"%"2BZGpY"%"2F"%"2F"%"2FAFRNEL7F6eZ9PBF0NLwTyIh6; oYME_2132_ulastactivity=1404305055"%"7C0; oYME_2132_sendmail=1; oYME_2132_lastcheckfeed=3514011"%"7C1404305151; oYME_2132_st_t=3514011"%"7C1404305154"%"7C4a5992d5a4c104c3571ba467d256f197; oYME_2132_forum_lastvisit=D_1090_1404131398D_1086_1404305154; oYME_2132_visitedfid=1086D1090D1059D1067D1075; oYME_2132_lastact=1404305159"%"09forum.php"%"09viewthread; oYME_2132_connect_is_bind=0; oYME_2132_st_p=3514011"%"7C1404305159"%"7C71c1df262f6e612ebf82d561e6fd7d7b; oYME_2132_viewid=tid_2706675; oYME_2132_smile=1D1; Hm_lvt_519b9dfdb2cec4e6976825a44673072f=1404120543; Hm_lpvt_519b9dfdb2cec4e6976825a44673072f=1404305161; oYME_2132_noticeTitle=1" -H "RA-Sid: 3D8DEC13-20140630-025524-7be0a2-6e9f88" -H "Origin: http://bbs.coolpad.com" -H "Accept-Encoding: gzip,deflate,sdch" -H "Accept-Language: zh-CN,zh;q=0.8,en;q=0.6,zh-TW;q=0.4" -H "User-Agent: Mozilla/5.0 (Windows NT 5.1) AppleWebKit/537.36 (KHTML, like Gecko) Chrome/34.0.1847.137 Safari/537.36" -H "Content-Type: application/x-www-form-urlencoded" -H "Accept: text/html,application/xhtml+xml,application/xml;q=0.9,image/webp,*/*;q=0.8" -H "Cache-Control: max-age=0" -H "Referer: http://bbs.coolpad.com/forum.php?mod=viewthread&tid=2706675" -H "Connection: keep-alive" -H "RA-Ver: 2.2.25" --data "message="%"E6"%"AD"%"A4"%"E5"%"A4"%"84"%"E6"%"97"%"A0"%"E8"%"81"%"8A"%"E8"%"83"%"9C"%"E6"%"9C"%"89"%"E8"%"81"%"8A+"%"7B"%"3A4_113"%"3A"%"7D&posttime=1404305159&formhash=2f6102a2&usesig=1&subject=++" --compressed
0 ### forum-1063-1.html
1 ### forum-1065-1.html
2 ### forum-1110-1.html
3 ### forum-1111-1.html
4 ### forum-1059-1.html
5 ### forum-1067-1.html
6 ### forum-1086-1.html
7 ### forum-1090-1.html
8 ### forum-938-1.html
9 ### forum-1087-1.html
10 ### forum-1088-1.html
11 ### forum-871-1.html
12 ### forum-1061-1.html
13 ### forum-1099-1.html
14 ### forum-1097-1.html
15 ### forum-1098-1.html
16 ### forum-1058-1.html
17 ### forum-1060-1.html
18 ### forum-1102-1.html
19 ### forum-1104-1.html
============fids===========
1059|1090|1110|1063
Your Need to fork 16 processes. Wating Plz!
-------- 1090&tid=2689139
-------- 1090&tid=2718899
-------- 1090&tid=2675269
-------- 1090&tid=2573396
-------- 1090&tid=2704779
-------- 1090&tid=2714486
PARENT got message: {"subResult":["1090&tid=2689139","1090&tid=2718899","1090&tid=2675269","1090&tid=2573396","1090&tid=2704779","1090&tid=2714486"]}
^^^^Now parent has received 1 messages
-------- 1063&tid=2721882
-------- 1063&tid=2455244
-------- 1063&tid=2230441
-------- 1063&tid=2718669
-------- 1063&tid=2641470
-------- 1063&tid=2656235
PARENT got message: {"subResult":["1063&tid=2721882","1063&tid=2455244","1063&tid=2230441","1063&tid=2718669","1063&tid=2641470","1063&tid=2656235"]}
^^^^Now parent has received 2 messages
-------- 1090&tid=2687000
-------- 1090&tid=2670361
-------- 1090&tid=2675583
-------- 1090&tid=2679607
-------- 1090&tid=2684039
-------- 1090&tid=2696062
PARENT got message: {"subResult":["1090&tid=2687000","1090&tid=2670361","1090&tid=2675583","1090&tid=2679607","1090&tid=2684039","1090&tid=2696062"]}
^^^^Now parent has received 3 messages
-------- 1063&tid=2726296
-------- 1063&tid=2723751
-------- 1063&tid=2726056
-------- 1063&tid=2723016
-------- 1063&tid=2703443
-------- 1063&tid=2719504
PARENT got message: {"subResult":["1063&tid=2726296","1063&tid=2723751","1063&tid=2726056","1063&tid=2723016","1063&tid=2703443","1063&tid=2719504"]}
^^^^Now parent has received 4 messages
-------- 1063&tid=2725783
-------- 1063&tid=2718926
-------- 1063&tid=2725137
-------- 1063&tid=2725561
-------- 1063&tid=2492226
-------- 1063&tid=2724121
PARENT got message: {"subResult":["1063&tid=2725783","1063&tid=2718926","1063&tid=2725137","1063&tid=2725561","1063&tid=2492226","1063&tid=2724121"]}
^^^^Now parent has received 5 messages
-------- 1090&tid=2724381
-------- 1090&tid=2722831
-------- 1090&tid=2720611
-------- 1090&tid=2303789
-------- 1090&tid=2447222
-------- 1090&tid=2711967
PARENT got message: {"subResult":["1090&tid=2724381","1090&tid=2722831","1090&tid=2720611","1090&tid=2303789","1090&tid=2447222","1090&tid=2711967"]}
^^^^Now parent has received 6 messages
-------- 1059&tid=2725327
-------- 1059&tid=2216964
-------- 1059&tid=2725757
-------- 1059&tid=2725689
-------- 1059&tid=2725458
-------- 1059&tid=2725571
PARENT got message: {"subResult":["1059&tid=2725327","1059&tid=2216964","1059&tid=2725757","1059&tid=2725689","1059&tid=2725458","1059&tid=2725571"]}
^^^^Now parent has received 7 messages
-------- 1059&tid=2725779
-------- 1059&tid=2719148
-------- 1059&tid=2726316
-------- 1059&tid=2726278
-------- 1059&tid=2209936
PARENT got message: {"subResult":["1059&tid=2725779","1059&tid=2719148","1059&tid=2726316","1059&tid=2726278","1059&tid=2209936"]}
^^^^Now parent has received 8 messages
-------- 1059&tid=2719346
-------- 1059&tid=2724329
-------- 1059&tid=1941375
-------- 1059&tid=2716105
-------- 1059&tid=2725388
-------- 1059&tid=2724876
PARENT got message: {"subResult":["1059&tid=2719346","1059&tid=2724329","1059&tid=1941375","1059&tid=2716105","1059&tid=2725388","1059&tid=2724876"]}
^^^^Now parent has received 9 messages
-------- 1090&tid=2722788
-------- 1090&tid=2716912
-------- 1090&tid=2714070
-------- 1090&tid=2696830
-------- 1090&tid=2405435
-------- 1090&tid=2715392
PARENT got message: {"subResult":["1090&tid=2722788","1090&tid=2716912","1090&tid=2714070","1090&tid=2696830","1090&tid=2405435","1090&tid=2715392"]}
^^^^Now parent has received 10 messages
-------- 1110&tid=2708120
-------- 1110&tid=2720564
-------- 1110&tid=2718079
-------- 1110&tid=2723044
-------- 1110&tid=2715616
-------- 1110&tid=2723563
PARENT got message: {"subResult":["1110&tid=2708120","1110&tid=2720564","1110&tid=2718079","1110&tid=2723044","1110&tid=2715616","1110&tid=2723563"]}
^^^^Now parent has received 11 messages
-------- 1110&tid=2703076
-------- 1110&tid=2698337
-------- 1110&tid=2719783
-------- 1110&tid=2719457
-------- 1110&tid=2717094
-------- 1110&tid=2718218
PARENT got message: {"subResult":["1110&tid=2703076","1110&tid=2698337","1110&tid=2719783","1110&tid=2719457","1110&tid=2717094","1110&tid=2718218"]}
^^^^Now parent has received 12 messages
-------- 1110&tid=2724588
-------- 1110&tid=2725474
-------- 1110&tid=2724932
-------- 1110&tid=2680039
-------- 1110&tid=2710833
-------- 1110&tid=2719747
PARENT got message: {"subResult":["1110&tid=2724588","1110&tid=2725474","1110&tid=2724932","1110&tid=2680039","1110&tid=2710833","1110&tid=2719747"]}
^^^^Now parent has received 13 messages
-------- 1063&tid=2680463
-------- 1063&tid=2710660
-------- 1063&tid=2695590
-------- 1063&tid=2715809
-------- 1063&tid=2723034
-------- 1063&tid=2708984
PARENT got message: {"subResult":["1063&tid=2680463","1063&tid=2710660","1063&tid=2695590","1063&tid=2715809","1063&tid=2723034","1063&tid=2708984"]}
^^^^Now parent has received 14 messages
-------- 1110&tid=2726340
-------- 1110&tid=2702419
-------- 1110&tid=2674651
-------- 1110&tid=2661632
-------- 1110&tid=2637434
-------- 1110&tid=2709220
PARENT got message: {"subResult":["1110&tid=2726340","1110&tid=2702419","1110&tid=2674651","1110&tid=2661632","1110&tid=2637434","1110&tid=2709220"]}
^^^^Now parent has received 15 messages
-------- 1059&tid=2724710
-------- 1059&tid=2726162
-------- 1059&tid=2725414
-------- 1059&tid=2725426
-------- 1059&tid=2725750
-------- 1059&tid=2725551
PARENT got message: {"subResult":["1059&tid=2724710","1059&tid=2726162","1059&tid=2725414","1059&tid=2725426","1059&tid=2725750","1059&tid=2725551"]}
^^^^Now parent has received 16 messages
All Child Work OK ~~~~~~
%%%%%%%% Total CMD is : 95
0 ---> Wed Jul 02 2014 06:06:14 GMT-0700 (PDT) ---->> curl "http://bbs.coolpad.com/forum.php?mod=post&action=reply&fid=1090&tid=2689139&extra=page"%"3D1&replysubmit=yes&infloat=yes&handlekey=fastpost&inajax=1" -H "Cookie: CP_SW_U_Id=0d60d240-198c-4b09-b678-1823761f3963_74wff3; W_CP_T_Id=dt9_742fedda9d-a96c-43fb-b427-5676a15ad6d1s1sr; cpsCookie="%"7B"%"22wi"%"22"%"3A"%"22MTUwfDAwMTcwZTAzNjgzODkwYmEwZDM0"%"22"%"2C"%"22src"%"22"%"3A"%"22yiqifa"%"22"%"2C"%"22cid"%"22"%"3A"%"2217169"%"22"%"2C"%"22channel"%"22"%"3A"%"22cps"%"22"%"7D; oYME_2132_saltkey=V17T5d8d; oYME_2132_lastvisit=1404127758; oYME_2132_auth=7504zKUlXU3RfwyGH5Ejth8bGTLxJaSJhAVu8NKPr8URT0s1ogjniqtQv4Sg7GYcfOsUfF"%"2F61hM0m"%"2FHMLgiQFbTI0"%"2Bgm; oYME_2132_lip=61.141.236.19"%"2C1404131369; oYME_2132_nofavfid=1; oYME_2132_atarget=1; oYME_2132_home_diymode=1; oYME_2132_security_cookiereport=bc4cE76i2LrZKZotfjsF"%"2BZGpY"%"2F"%"2F"%"2FAFRNEL7F6eZ9PBF0NLwTyIh6; oYME_2132_ulastactivity=1404305055"%"7C0; oYME_2132_sendmail=1; oYME_2132_lastcheckfeed=3514011"%"7C1404305151; oYME_2132_st_t=3514011"%"7C1404305154"%"7C4a5992d5a4c104c3571ba467d256f197; oYME_2132_forum_lastvisit=D_1090_1404131398D_1086_1404305154; oYME_2132_visitedfid=1086D1090D1059D1067D1075; oYME_2132_lastact=1404305159"%"09forum.php"%"09viewthread; oYME_2132_connect_is_bind=0; oYME_2132_st_p=3514011"%"7C1404305159"%"7C71c1df262f6e612ebf82d561e6fd7d7b; oYME_2132_viewid=tid_2706675; oYME_2132_smile=1D1; Hm_lvt_519b9dfdb2cec4e6976825a44673072f=1404120543; Hm_lpvt_519b9dfdb2cec4e6976825a44673072f=1404305161; oYME_2132_noticeTitle=1" -H "RA-Sid: 3D8DEC13-20140630-025524-7be0a2-6e9f88" -H "Origin: http://bbs.coolpad.com" -H "Accept-Encoding: gzip,deflate,sdch" -H "Accept-Language: zh-CN,zh;q=0.8,en;q=0.6,zh-TW;q=0.4" -H "User-Agent: Mozilla/5.0 (Windows NT 5.1) AppleWebKit/537.36 (KHTML, like Gecko) Chrome/34.0.1847.137 Safari/537.36" -H "Content-Type: application/x-www-form-urlencoded" -H "Accept: text/html,application/xhtml+xml,application/xml;q=0.9,image/webp,*/*;q=0.8" -H "Cache-Control: max-age=0" -H "Referer: http://bbs.coolpad.com/forum.php?mod=viewthread&tid=2706675" -H "Connection: keep-alive" -H "RA-Ver: 2.2.25" --data "message=%E8%BF%99%E4%B8%AA%E7%89%88%E6%9C%AC%E7%95%8C%E9%9D%A2%E7%9C%9F%E6%BC%82%E4%BA%AE%E5%95%8A%2C%E8%B6%85%E5%87%BA%E4%BA%86%E6%88%91%E7%9A%84%E9%A2%84%E6%9C%9F%E5%95%8A!%7B%3A4_120%3A%7D&posttime=1404306374343&formhash=2f6102a2&usesig=1&subject=++" --compressed
Are You going to sleep????????????????
1 ---> Wed Jul 02 2014 06:07:05 GMT-0700 (PDT) ---->> curl "http://bbs.coolpad.com/forum.php?mod=post&action=reply&fid=1090&tid=2718899&extra=page"%"3D1&replysubmit=yes&infloat=yes&handlekey=fastpost&inajax=1" -H "Cookie: CP_SW_U_Id=0d60d240-198c-4b09-b678-1823761f3963_74wff3; W_CP_T_Id=dt9_742fedda9d-a96c-43fb-b427-5676a15ad6d1s1sr; cpsCookie="%"7B"%"22wi"%"22"%"3A"%"22MTUwfDAwMTcwZTAzNjgzODkwYmEwZDM0"%"22"%"2C"%"22src"%"22"%"3A"%"22yiqifa"%"22"%"2C"%"22cid"%"22"%"3A"%"2217169"%"22"%"2C"%"22channel"%"22"%"3A"%"22cps"%"22"%"7D; oYME_2132_saltkey=V17T5d8d; oYME_2132_lastvisit=1404127758; oYME_2132_auth=7504zKUlXU3RfwyGH5Ejth8bGTLxJaSJhAVu8NKPr8URT0s1ogjniqtQv4Sg7GYcfOsUfF"%"2F61hM0m"%"2FHMLgiQFbTI0"%"2Bgm; oYME_2132_lip=61.141.236.19"%"2C1404131369; oYME_2132_nofavfid=1; oYME_2132_atarget=1; oYME_2132_home_diymode=1; oYME_2132_security_cookiereport=bc4cE76i2LrZKZotfjsF"%"2BZGpY"%"2F"%"2F"%"2FAFRNEL7F6eZ9PBF0NLwTyIh6; oYME_2132_ulastactivity=1404305055"%"7C0; oYME_2132_sendmail=1; oYME_2132_lastcheckfeed=3514011"%"7C1404305151; oYME_2132_st_t=3514011"%"7C1404305154"%"7C4a5992d5a4c104c3571ba467d256f197; oYME_2132_forum_lastvisit=D_1090_1404131398D_1086_1404305154; oYME_2132_visitedfid=1086D1090D1059D1067D1075; oYME_2132_lastact=1404305159"%"09forum.php"%"09viewthread; oYME_2132_connect_is_bind=0; oYME_2132_st_p=3514011"%"7C1404305159"%"7C71c1df262f6e612ebf82d561e6fd7d7b; oYME_2132_viewid=tid_2706675; oYME_2132_smile=1D1; Hm_lvt_519b9dfdb2cec4e6976825a44673072f=1404120543; Hm_lpvt_519b9dfdb2cec4e6976825a44673072f=1404305161; oYME_2132_noticeTitle=1" -H "RA-Sid: 3D8DEC13-20140630-025524-7be0a2-6e9f88" -H "Origin: http://bbs.coolpad.com" -H "Accept-Encoding: gzip,deflate,sdch" -H "Accept-Language: zh-CN,zh;q=0.8,en;q=0.6,zh-TW;q=0.4" -H "User-Agent: Mozilla/5.0 (Windows NT 5.1) AppleWebKit/537.36 (KHTML, like Gecko) Chrome/34.0.1847.137 Safari/537.36" -H "Content-Type: application/x-www-form-urlencoded" -H "Accept: text/html,application/xhtml+xml,application/xml;q=0.9,image/webp,*/*;q=0.8" -H "Cache-Control: max-age=0" -H "Referer: http://bbs.coolpad.com/forum.php?mod=viewthread&tid=2706675" -H "Connection: keep-alive" -H "RA-Ver: 2.2.25" --data "message=Nothing%20really%20matters%20to%20me%2C%20For%20the%20Lich-King%20~~&posttime=1404306425349&formhash=2f6102a2&usesig=1&subject=++" --compressed
Are You going to sleep????????????????
2 ---> Wed Jul 02 2014 06:07:51 GMT-0700 (PDT) ---->> curl "http://bbs.coolpad.com/forum.php?mod=post&action=reply&fid=1090&tid=2675269&extra=page"%"3D1&replysubmit=yes&infloat=yes&handlekey=fastpost&inajax=1" -H "Cookie: CP_SW_U_Id=0d60d240-198c-4b09-b678-1823761f3963_74wff3; W_CP_T_Id=dt9_742fedda9d-a96c-43fb-b427-5676a15ad6d1s1sr; cpsCookie="%"7B"%"22wi"%"22"%"3A"%"22MTUwfDAwMTcwZTAzNjgzODkwYmEwZDM0"%"22"%"2C"%"22src"%"22"%"3A"%"22yiqifa"%"22"%"2C"%"22cid"%"22"%"3A"%"2217169"%"22"%"2C"%"22channel"%"22"%"3A"%"22cps"%"22"%"7D; oYME_2132_saltkey=V17T5d8d; oYME_2132_lastvisit=1404127758; oYME_2132_auth=7504zKUlXU3RfwyGH5Ejth8bGTLxJaSJhAVu8NKPr8URT0s1ogjniqtQv4Sg7GYcfOsUfF"%"2F61hM0m"%"2FHMLgiQFbTI0"%"2Bgm; oYME_2132_lip=61.141.236.19"%"2C1404131369; oYME_2132_nofavfid=1; oYME_2132_atarget=1; oYME_2132_home_diymode=1; oYME_2132_security_cookiereport=bc4cE76i2LrZKZotfjsF"%"2BZGpY"%"2F"%"2F"%"2FAFRNEL7F6eZ9PBF0NLwTyIh6; oYME_2132_ulastactivity=1404305055"%"7C0; oYME_2132_sendmail=1; oYME_2132_lastcheckfeed=3514011"%"7C1404305151; oYME_2132_st_t=3514011"%"7C1404305154"%"7C4a5992d5a4c104c3571ba467d256f197; oYME_2132_forum_lastvisit=D_1090_1404131398D_1086_1404305154; oYME_2132_visitedfid=1086D1090D1059D1067D1075; oYME_2132_lastact=1404305159"%"09forum.php"%"09viewthread; oYME_2132_connect_is_bind=0; oYME_2132_st_p=3514011"%"7C1404305159"%"7C71c1df262f6e612ebf82d561e6fd7d7b; oYME_2132_viewid=tid_2706675; oYME_2132_smile=1D1; Hm_lvt_519b9dfdb2cec4e6976825a44673072f=1404120543; Hm_lpvt_519b9dfdb2cec4e6976825a44673072f=1404305161; oYME_2132_noticeTitle=1" -H "RA-Sid: 3D8DEC13-20140630-025524-7be0a2-6e9f88" -H "Origin: http://bbs.coolpad.com" -H "Accept-Encoding: gzip,deflate,sdch" -H "Accept-Language: zh-CN,zh;q=0.8,en;q=0.6,zh-TW;q=0.4" -H "User-Agent: Mozilla/5.0 (Windows NT 5.1) AppleWebKit/537.36 (KHTML, like Gecko) Chrome/34.0.1847.137 Safari/537.36" -H "Content-Type: application/x-www-form-urlencoded" -H "Accept: text/html,application/xhtml+xml,application/xml;q=0.9,image/webp,*/*;q=0.8" -H "Cache-Control: max-age=0" -H "Referer: http://bbs.coolpad.com/forum.php?mod=viewthread&tid=2706675" -H "Connection: keep-alive" -H "RA-Ver: 2.2.25" --data "message=%E8%BF%99%E4%B8%AA%E7%89%88%E6%9C%AC%E4%B8%8D%E9%94%99%2C%E4%BD%93%E9%AA%8C%E7%9C%9F%E5%A5%BD!%7B%3A4_126%3A%7D&posttime=1404306471354&formhash=2f6102a2&usesig=1&subject=++" --compressed
Are You going to sleep????????????????
3 ---> Wed Jul 02 2014 06:08:50 GMT-0700 (PDT) ---->> curl "http://bbs.coolpad.com/forum.php?mod=post&action=reply&fid=1090&tid=2573396&extra=page"%"3D1&replysubmit=yes&infloat=yes&handlekey=fastpost&inajax=1" -H "Cookie: CP_SW_U_Id=0d60d240-198c-4b09-b678-1823761f3963_74wff3; W_CP_T_Id=dt9_742fedda9d-a96c-43fb-b427-5676a15ad6d1s1sr; cpsCookie="%"7B"%"22wi"%"22"%"3A"%"22MTUwfDAwMTcwZTAzNjgzODkwYmEwZDM0"%"22"%"2C"%"22src"%"22"%"3A"%"22yiqifa"%"22"%"2C"%"22cid"%"22"%"3A"%"2217169"%"22"%"2C"%"22channel"%"22"%"3A"%"22cps"%"22"%"7D; oYME_2132_saltkey=V17T5d8d; oYME_2132_lastvisit=1404127758; oYME_2132_auth=7504zKUlXU3RfwyGH5Ejth8bGTLxJaSJhAVu8NKPr8URT0s1ogjniqtQv4Sg7GYcfOsUfF"%"2F61hM0m"%"2FHMLgiQFbTI0"%"2Bgm; oYME_2132_lip=61.141.236.19"%"2C1404131369; oYME_2132_nofavfid=1; oYME_2132_atarget=1; oYME_2132_home_diymode=1; oYME_2132_security_cookiereport=bc4cE76i2LrZKZotfjsF"%"2BZGpY"%"2F"%"2F"%"2FAFRNEL7F6eZ9PBF0NLwTyIh6; oYME_2132_ulastactivity=1404305055"%"7C0; oYME_2132_sendmail=1; oYME_2132_lastcheckfeed=3514011"%"7C1404305151; oYME_2132_st_t=3514011"%"7C1404305154"%"7C4a5992d5a4c104c3571ba467d256f197; oYME_2132_forum_lastvisit=D_1090_1404131398D_1086_1404305154; oYME_2132_visitedfid=1086D1090D1059D1067D1075; oYME_2132_lastact=1404305159"%"09forum.php"%"09viewthread; oYME_2132_connect_is_bind=0; oYME_2132_st_p=3514011"%"7C1404305159"%"7C71c1df262f6e612ebf82d561e6fd7d7b; oYME_2132_viewid=tid_2706675; oYME_2132_smile=1D1; Hm_lvt_519b9dfdb2cec4e6976825a44673072f=1404120543; Hm_lpvt_519b9dfdb2cec4e6976825a44673072f=1404305161; oYME_2132_noticeTitle=1" -H "RA-Sid: 3D8DEC13-20140630-025524-7be0a2-6e9f88" -H "Origin: http://bbs.coolpad.com" -H "Accept-Encoding: gzip,deflate,sdch" -H "Accept-Language: zh-CN,zh;q=0.8,en;q=0.6,zh-TW;q=0.4" -H "User-Agent: Mozilla/5.0 (Windows NT 5.1) AppleWebKit/537.36 (KHTML, like Gecko) Chrome/34.0.1847.137 Safari/537.36" -H "Content-Type: application/x-www-form-urlencoded" -H "Accept: text/html,application/xhtml+xml,application/xml;q=0.9,image/webp,*/*;q=0.8" -H "Cache-Control: max-age=0" -H "Referer: http://bbs.coolpad.com/forum.php?mod=viewthread&tid=2706675" -H "Connection: keep-alive" -H "RA-Ver: 2.2.25" --data "message=%E7%8C%BF%E7%8C%B4%E4%BB%AC%2C%E4%BD%A0%E4%BB%AC%E8%BE%9B%E8%8B%A6%E4%BA%86!%20%E5%86%8D%E6%8E%A5%E5%86%8D%E5%8A%B1%E5%90%A7...%20%7B%3A4_126%3A%7D&posttime=1404306530358&formhash=2f6102a2&usesig=1&subject=++" --compressed
Are You going to sleep????????????????
4 ---> Wed Jul 02 2014 06:09:38 GMT-0700 (PDT) ---->> curl "http://bbs.coolpad.com/forum.php?mod=post&action=reply&fid=1090&tid=2704779&extra=page"%"3D1&replysubmit=yes&infloat=yes&handlekey=fastpost&inajax=1" -H "Cookie: CP_SW_U_Id=0d60d240-198c-4b09-b678-1823761f3963_74wff3; W_CP_T_Id=dt9_742fedda9d-a96c-43fb-b427-5676a15ad6d1s1sr; cpsCookie="%"7B"%"22wi"%"22"%"3A"%"22MTUwfDAwMTcwZTAzNjgzODkwYmEwZDM0"%"22"%"2C"%"22src"%"22"%"3A"%"22yiqifa"%"22"%"2C"%"22cid"%"22"%"3A"%"2217169"%"22"%"2C"%"22channel"%"22"%"3A"%"22cps"%"22"%"7D; oYME_2132_saltkey=V17T5d8d; oYME_2132_lastvisit=1404127758; oYME_2132_auth=7504zKUlXU3RfwyGH5Ejth8bGTLxJaSJhAVu8NKPr8URT0s1ogjniqtQv4Sg7GYcfOsUfF"%"2F61hM0m"%"2FHMLgiQFbTI0"%"2Bgm; oYME_2132_lip=61.141.236.19"%"2C1404131369; oYME_2132_nofavfid=1; oYME_2132_atarget=1; oYME_2132_home_diymode=1; oYME_2132_security_cookiereport=bc4cE76i2LrZKZotfjsF"%"2BZGpY"%"2F"%"2F"%"2FAFRNEL7F6eZ9PBF0NLwTyIh6; oYME_2132_ulastactivity=1404305055"%"7C0; oYME_2132_sendmail=1; oYME_2132_lastcheckfeed=3514011"%"7C1404305151; oYME_2132_st_t=3514011"%"7C1404305154"%"7C4a5992d5a4c104c3571ba467d256f197; oYME_2132_forum_lastvisit=D_1090_1404131398D_1086_1404305154; oYME_2132_visitedfid=1086D1090D1059D1067D1075; oYME_2132_lastact=1404305159"%"09forum.php"%"09viewthread; oYME_2132_connect_is_bind=0; oYME_2132_st_p=3514011"%"7C1404305159"%"7C71c1df262f6e612ebf82d561e6fd7d7b; oYME_2132_viewid=tid_2706675; oYME_2132_smile=1D1; Hm_lvt_519b9dfdb2cec4e6976825a44673072f=1404120543; Hm_lpvt_519b9dfdb2cec4e6976825a44673072f=1404305161; oYME_2132_noticeTitle=1" -H "RA-Sid: 3D8DEC13-20140630-025524-7be0a2-6e9f88" -H "Origin: http://bbs.coolpad.com" -H "Accept-Encoding: gzip,deflate,sdch" -H "Accept-Language: zh-CN,zh;q=0.8,en;q=0.6,zh-TW;q=0.4" -H "User-Agent: Mozilla/5.0 (Windows NT 5.1) AppleWebKit/537.36 (KHTML, like Gecko) Chrome/34.0.1847.137 Safari/537.36" -H "Content-Type: application/x-www-form-urlencoded" -H "Accept: text/html,application/xhtml+xml,application/xml;q=0.9,image/webp,*/*;q=0.8" -H "Cache-Control: max-age=0" -H "Referer: http://bbs.coolpad.com/forum.php?mod=viewthread&tid=2706675" -H "Connection: keep-alive" -H "RA-Ver: 2.2.25" --data "message=We%20are%20like%20dwarfs%20sitting%20on%20the%20shoulders%20of%20giants.&posttime=1404306578363&formhash=2f6102a2&usesig=1&subject=++" --compressed
Are You going to sleep????????????????
5 ---> Wed Jul 02 2014 06:10:33 GMT-0700 (PDT) ---->> curl "http://bbs.coolpad.com/forum.php?mod=post&action=reply&fid=1090&tid=2714486&extra=page"%"3D1&replysubmit=yes&infloat=yes&handlekey=fastpost&inajax=1" -H "Cookie: CP_SW_U_Id=0d60d240-198c-4b09-b678-1823761f3963_74wff3; W_CP_T_Id=dt9_742fedda9d-a96c-43fb-b427-5676a15ad6d1s1sr; cpsCookie="%"7B"%"22wi"%"22"%"3A"%"22MTUwfDAwMTcwZTAzNjgzODkwYmEwZDM0"%"22"%"2C"%"22src"%"22"%"3A"%"22yiqifa"%"22"%"2C"%"22cid"%"22"%"3A"%"2217169"%"22"%"2C"%"22channel"%"22"%"3A"%"22cps"%"22"%"7D; oYME_2132_saltkey=V17T5d8d; oYME_2132_lastvisit=1404127758; oYME_2132_auth=7504zKUlXU3RfwyGH5Ejth8bGTLxJaSJhAVu8NKPr8URT0s1ogjniqtQv4Sg7GYcfOsUfF"%"2F61hM0m"%"2FHMLgiQFbTI0"%"2Bgm; oYME_2132_lip=61.141.236.19"%"2C1404131369; oYME_2132_nofavfid=1; oYME_2132_atarget=1; oYME_2132_home_diymode=1; oYME_2132_security_cookiereport=bc4cE76i2LrZKZotfjsF"%"2BZGpY"%"2F"%"2F"%"2FAFRNEL7F6eZ9PBF0NLwTyIh6; oYME_2132_ulastactivity=1404305055"%"7C0; oYME_2132_sendmail=1; oYME_2132_lastcheckfeed=3514011"%"7C1404305151; oYME_2132_st_t=3514011"%"7C1404305154"%"7C4a5992d5a4c104c3571ba467d256f197; oYME_2132_forum_lastvisit=D_1090_1404131398D_1086_1404305154; oYME_2132_visitedfid=1086D1090D1059D1067D1075; oYME_2132_lastact=1404305159"%"09forum.php"%"09viewthread; oYME_2132_connect_is_bind=0; oYME_2132_st_p=3514011"%"7C1404305159"%"7C71c1df262f6e612ebf82d561e6fd7d7b; oYME_2132_viewid=tid_2706675; oYME_2132_smile=1D1; Hm_lvt_519b9dfdb2cec4e6976825a44673072f=1404120543; Hm_lpvt_519b9dfdb2cec4e6976825a44673072f=1404305161; oYME_2132_noticeTitle=1" -H "RA-Sid: 3D8DEC13-20140630-025524-7be0a2-6e9f88" -H "Origin: http://bbs.coolpad.com" -H "Accept-Encoding: gzip,deflate,sdch" -H "Accept-Language: zh-CN,zh;q=0.8,en;q=0.6,zh-TW;q=0.4" -H "User-Agent: Mozilla/5.0 (Windows NT 5.1) AppleWebKit/537.36 (KHTML, like Gecko) Chrome/34.0.1847.137 Safari/537.36" -H "Content-Type: application/x-www-form-urlencoded" -H "Accept: text/html,application/xhtml+xml,application/xml;q=0.9,image/webp,*/*;q=0.8" -H "Cache-Control: max-age=0" -H "Referer: http://bbs.coolpad.com/forum.php?mod=viewthread&tid=2706675" -H "Connection: keep-alive" -H "RA-Ver: 2.2.25" --data "message=%E8%BF%99%E4%B8%AA%E7%89%88%E6%9C%AC%E4%B8%8D%E9%94%99%2C%E4%BD%93%E9%AA%8C%E7%9C%9F%E5%A5%BD!%7B%3A4_126%3A%7D&posttime=1404306633368&formhash=2f6102a2&usesig=1&subject=++" --compressed
Are You going to sleep????????????????
6 ---> Wed Jul 02 2014 06:11:21 GMT-0700 (PDT) ---->> curl "http://bbs.coolpad.com/forum.php?mod=post&action=reply&fid=1063&tid=2721882&extra=page"%"3D1&replysubmit=yes&infloat=yes&handlekey=fastpost&inajax=1" -H "Cookie: CP_SW_U_Id=0d60d240-198c-4b09-b678-1823761f3963_74wff3; W_CP_T_Id=dt9_742fedda9d-a96c-43fb-b427-5676a15ad6d1s1sr; cpsCookie="%"7B"%"22wi"%"22"%"3A"%"22MTUwfDAwMTcwZTAzNjgzODkwYmEwZDM0"%"22"%"2C"%"22src"%"22"%"3A"%"22yiqifa"%"22"%"2C"%"22cid"%"22"%"3A"%"2217169"%"22"%"2C"%"22channel"%"22"%"3A"%"22cps"%"22"%"7D; oYME_2132_saltkey=V17T5d8d; oYME_2132_lastvisit=1404127758; oYME_2132_auth=7504zKUlXU3RfwyGH5Ejth8bGTLxJaSJhAVu8NKPr8URT0s1ogjniqtQv4Sg7GYcfOsUfF"%"2F61hM0m"%"2FHMLgiQFbTI0"%"2Bgm; oYME_2132_lip=61.141.236.19"%"2C1404131369; oYME_2132_nofavfid=1; oYME_2132_atarget=1; oYME_2132_home_diymode=1; oYME_2132_security_cookiereport=bc4cE76i2LrZKZotfjsF"%"2BZGpY"%"2F"%"2F"%"2FAFRNEL7F6eZ9PBF0NLwTyIh6; oYME_2132_ulastactivity=1404305055"%"7C0; oYME_2132_sendmail=1; oYME_2132_lastcheckfeed=3514011"%"7C1404305151; oYME_2132_st_t=3514011"%"7C1404305154"%"7C4a5992d5a4c104c3571ba467d256f197; oYME_2132_forum_lastvisit=D_1090_1404131398D_1086_1404305154; oYME_2132_visitedfid=1086D1090D1059D1067D1075; oYME_2132_lastact=1404305159"%"09forum.php"%"09viewthread; oYME_2132_connect_is_bind=0; oYME_2132_st_p=3514011"%"7C1404305159"%"7C71c1df262f6e612ebf82d561e6fd7d7b; oYME_2132_viewid=tid_2706675; oYME_2132_smile=1D1; Hm_lvt_519b9dfdb2cec4e6976825a44673072f=1404120543; Hm_lpvt_519b9dfdb2cec4e6976825a44673072f=1404305161; oYME_2132_noticeTitle=1" -H "RA-Sid: 3D8DEC13-20140630-025524-7be0a2-6e9f88" -H "Origin: http://bbs.coolpad.com" -H "Accept-Encoding: gzip,deflate,sdch" -H "Accept-Language: zh-CN,zh;q=0.8,en;q=0.6,zh-TW;q=0.4" -H "User-Agent: Mozilla/5.0 (Windows NT 5.1) AppleWebKit/537.36 (KHTML, like Gecko) Chrome/34.0.1847.137 Safari/537.36" -H "Content-Type: application/x-www-form-urlencoded" -H "Accept: text/html,application/xhtml+xml,application/xml;q=0.9,image/webp,*/*;q=0.8" -H "Cache-Control: max-age=0" -H "Referer: http://bbs.coolpad.com/forum.php?mod=viewthread&tid=2706675" -H "Connection: keep-alive" -H "RA-Ver: 2.2.25" --data "message=%E4%B8%96%E7%95%8C%E6%98%AF%E4%BD%A0%E4%BB%AC%E7%9A%84%EF%BC%8C%E4%B9%9F%E6%98%AF%E6%88%91%E4%BB%AC%E7%9A%84%EF%BC%8C%E4%BD%86%E6%98%AF%E5%BD%92%E6%A0%B9%E7%BB%93%E5%BA%95%E6%98%AF%E4%BD%A0%E4%BB%AC%E7%9A%84...&posttime=1404306681373&formhash=2f6102a2&usesig=1&subject=++" --compressed
Are You going to sleep????????????????
7 ---> Wed Jul 02 2014 06:11:54 GMT-0700 (PDT) ---->> curl "http://bbs.coolpad.com/forum.php?mod=post&action=reply&fid=1063&tid=2455244&extra=page"%"3D1&replysubmit=yes&infloat=yes&handlekey=fastpost&inajax=1" -H "Cookie: CP_SW_U_Id=0d60d240-198c-4b09-b678-1823761f3963_74wff3; W_CP_T_Id=dt9_742fedda9d-a96c-43fb-b427-5676a15ad6d1s1sr; cpsCookie="%"7B"%"22wi"%"22"%"3A"%"22MTUwfDAwMTcwZTAzNjgzODkwYmEwZDM0"%"22"%"2C"%"22src"%"22"%"3A"%"22yiqifa"%"22"%"2C"%"22cid"%"22"%"3A"%"2217169"%"22"%"2C"%"22channel"%"22"%"3A"%"22cps"%"22"%"7D; oYME_2132_saltkey=V17T5d8d; oYME_2132_lastvisit=1404127758; oYME_2132_auth=7504zKUlXU3RfwyGH5Ejth8bGTLxJaSJhAVu8NKPr8URT0s1ogjniqtQv4Sg7GYcfOsUfF"%"2F61hM0m"%"2FHMLgiQFbTI0"%"2Bgm; oYME_2132_lip=61.141.236.19"%"2C1404131369; oYME_2132_nofavfid=1; oYME_2132_atarget=1; oYME_2132_home_diymode=1; oYME_2132_security_cookiereport=bc4cE76i2LrZKZotfjsF"%"2BZGpY"%"2F"%"2F"%"2FAFRNEL7F6eZ9PBF0NLwTyIh6; oYME_2132_ulastactivity=1404305055"%"7C0; oYME_2132_sendmail=1; oYME_2132_lastcheckfeed=3514011"%"7C1404305151; oYME_2132_st_t=3514011"%"7C1404305154"%"7C4a5992d5a4c104c3571ba467d256f197; oYME_2132_forum_lastvisit=D_1090_1404131398D_1086_1404305154; oYME_2132_visitedfid=1086D1090D1059D1067D1075; oYME_2132_lastact=1404305159"%"09forum.php"%"09viewthread; oYME_2132_connect_is_bind=0; oYME_2132_st_p=3514011"%"7C1404305159"%"7C71c1df262f6e612ebf82d561e6fd7d7b; oYME_2132_viewid=tid_2706675; oYME_2132_smile=1D1; Hm_lvt_519b9dfdb2cec4e6976825a44673072f=1404120543; Hm_lpvt_519b9dfdb2cec4e6976825a44673072f=1404305161; oYME_2132_noticeTitle=1" -H "RA-Sid: 3D8DEC13-20140630-025524-7be0a2-6e9f88" -H "Origin: http://bbs.coolpad.com" -H "Accept-Encoding: gzip,deflate,sdch" -H "Accept-Language: zh-CN,zh;q=0.8,en;q=0.6,zh-TW;q=0.4" -H "User-Agent: Mozilla/5.0 (Windows NT 5.1) AppleWebKit/537.36 (KHTML, like Gecko) Chrome/34.0.1847.137 Safari/537.36" -H "Content-Type: application/x-www-form-urlencoded" -H "Accept: text/html,application/xhtml+xml,application/xml;q=0.9,image/webp,*/*;q=0.8" -H "Cache-Control: max-age=0" -H "Referer: http://bbs.coolpad.com/forum.php?mod=viewthread&tid=2706675" -H "Connection: keep-alive" -H "RA-Ver: 2.2.25" --data "message=%E6%9C%9F%E5%BE%85%E6%9B%B4%E5%A5%BD%E7%9A%84%E7%89%88%E6%9C%AC%E5%87%BA%E7%8E%B0.%20%7B%3A4_120%3A%7D&posttime=1404306714378&formhash=2f6102a2&usesig=1&subject=++" --compressed
Are You going to sleep????????????????
8 ---> Wed Jul 02 2014 06:12:48 GMT-0700 (PDT) ---->> curl "http://bbs.coolpad.com/forum.php?mod=post&action=reply&fid=1063&tid=2230441&extra=page"%"3D1&replysubmit=yes&infloat=yes&handlekey=fastpost&inajax=1" -H "Cookie: CP_SW_U_Id=0d60d240-198c-4b09-b678-1823761f3963_74wff3; W_CP_T_Id=dt9_742fedda9d-a96c-43fb-b427-5676a15ad6d1s1sr; cpsCookie="%"7B"%"22wi"%"22"%"3A"%"22MTUwfDAwMTcwZTAzNjgzODkwYmEwZDM0"%"22"%"2C"%"22src"%"22"%"3A"%"22yiqifa"%"22"%"2C"%"22cid"%"22"%"3A"%"2217169"%"22"%"2C"%"22channel"%"22"%"3A"%"22cps"%"22"%"7D; oYME_2132_saltkey=V17T5d8d; oYME_2132_lastvisit=1404127758; oYME_2132_auth=7504zKUlXU3RfwyGH5Ejth8bGTLxJaSJhAVu8NKPr8URT0s1ogjniqtQv4Sg7GYcfOsUfF"%"2F61hM0m"%"2FHMLgiQFbTI0"%"2Bgm; oYME_2132_lip=61.141.236.19"%"2C1404131369; oYME_2132_nofavfid=1; oYME_2132_atarget=1; oYME_2132_home_diymode=1; oYME_2132_security_cookiereport=bc4cE76i2LrZKZotfjsF"%"2BZGpY"%"2F"%"2F"%"2FAFRNEL7F6eZ9PBF0NLwTyIh6; oYME_2132_ulastactivity=1404305055"%"7C0; oYME_2132_sendmail=1; oYME_2132_lastcheckfeed=3514011"%"7C1404305151; oYME_2132_st_t=3514011"%"7C1404305154"%"7C4a5992d5a4c104c3571ba467d256f197; oYME_2132_forum_lastvisit=D_1090_1404131398D_1086_1404305154; oYME_2132_visitedfid=1086D1090D1059D1067D1075; oYME_2132_lastact=1404305159"%"09forum.php"%"09viewthread; oYME_2132_connect_is_bind=0; oYME_2132_st_p=3514011"%"7C1404305159"%"7C71c1df262f6e612ebf82d561e6fd7d7b; oYME_2132_viewid=tid_2706675; oYME_2132_smile=1D1; Hm_lvt_519b9dfdb2cec4e6976825a44673072f=1404120543; Hm_lpvt_519b9dfdb2cec4e6976825a44673072f=1404305161; oYME_2132_noticeTitle=1" -H "RA-Sid: 3D8DEC13-20140630-025524-7be0a2-6e9f88" -H "Origin: http://bbs.coolpad.com" -H "Accept-Encoding: gzip,deflate,sdch" -H "Accept-Language: zh-CN,zh;q=0.8,en;q=0.6,zh-TW;q=0.4" -H "User-Agent: Mozilla/5.0 (Windows NT 5.1) AppleWebKit/537.36 (KHTML, like Gecko) Chrome/34.0.1847.137 Safari/537.36" -H "Content-Type: application/x-www-form-urlencoded" -H "Accept: text/html,application/xhtml+xml,application/xml;q=0.9,image/webp,*/*;q=0.8" -H "Cache-Control: max-age=0" -H "Referer: http://bbs.coolpad.com/forum.php?mod=viewthread&tid=2706675" -H "Connection: keep-alive" -H "RA-Ver: 2.2.25" --data "message=%E6%A5%BC%E4%B8%BB%E5%8A%A0%E6%B2%B9%E5%95%8A%20%20%E7%BB%A7%E7%BB%AD%E5%8A%AA%E5%8A%9B..!%20%7B%3A4_126%3A%7D&posttime=1404306768383&formhash=2f6102a2&usesig=1&subject=++" --compressed
Are You going to sleep????????????????
9 ---> Wed Jul 02 2014 06:13:19 GMT-0700 (PDT) ---->> curl "http://bbs.coolpad.com/forum.php?mod=post&action=reply&fid=1063&tid=2718669&extra=page"%"3D1&replysubmit=yes&infloat=yes&handlekey=fastpost&inajax=1" -H "Cookie: CP_SW_U_Id=0d60d240-198c-4b09-b678-1823761f3963_74wff3; W_CP_T_Id=dt9_742fedda9d-a96c-43fb-b427-5676a15ad6d1s1sr; cpsCookie="%"7B"%"22wi"%"22"%"3A"%"22MTUwfDAwMTcwZTAzNjgzODkwYmEwZDM0"%"22"%"2C"%"22src"%"22"%"3A"%"22yiqifa"%"22"%"2C"%"22cid"%"22"%"3A"%"2217169"%"22"%"2C"%"22channel"%"22"%"3A"%"22cps"%"22"%"7D; oYME_2132_saltkey=V17T5d8d; oYME_2132_lastvisit=1404127758; oYME_2132_auth=7504zKUlXU3RfwyGH5Ejth8bGTLxJaSJhAVu8NKPr8URT0s1ogjniqtQv4Sg7GYcfOsUfF"%"2F61hM0m"%"2FHMLgiQFbTI0"%"2Bgm; oYME_2132_lip=61.141.236.19"%"2C1404131369; oYME_2132_nofavfid=1; oYME_2132_atarget=1; oYME_2132_home_diymode=1; oYME_2132_security_cookiereport=bc4cE76i2LrZKZotfjsF"%"2BZGpY"%"2F"%"2F"%"2FAFRNEL7F6eZ9PBF0NLwTyIh6; oYME_2132_ulastactivity=1404305055"%"7C0; oYME_2132_sendmail=1; oYME_2132_lastcheckfeed=3514011"%"7C1404305151; oYME_2132_st_t=3514011"%"7C1404305154"%"7C4a5992d5a4c104c3571ba467d256f197; oYME_2132_forum_lastvisit=D_1090_1404131398D_1086_1404305154; oYME_2132_visitedfid=1086D1090D1059D1067D1075; oYME_2132_lastact=1404305159"%"09forum.php"%"09viewthread; oYME_2132_connect_is_bind=0; oYME_2132_st_p=3514011"%"7C1404305159"%"7C71c1df262f6e612ebf82d561e6fd7d7b; oYME_2132_viewid=tid_2706675; oYME_2132_smile=1D1; Hm_lvt_519b9dfdb2cec4e6976825a44673072f=1404120543; Hm_lpvt_519b9dfdb2cec4e6976825a44673072f=1404305161; oYME_2132_noticeTitle=1" -H "RA-Sid: 3D8DEC13-20140630-025524-7be0a2-6e9f88" -H "Origin: http://bbs.coolpad.com" -H "Accept-Encoding: gzip,deflate,sdch" -H "Accept-Language: zh-CN,zh;q=0.8,en;q=0.6,zh-TW;q=0.4" -H "User-Agent: Mozilla/5.0 (Windows NT 5.1) AppleWebKit/537.36 (KHTML, like Gecko) Chrome/34.0.1847.137 Safari/537.36" -H "Content-Type: application/x-www-form-urlencoded" -H "Accept: text/html,application/xhtml+xml,application/xml;q=0.9,image/webp,*/*;q=0.8" -H "Cache-Control: max-age=0" -H "Referer: http://bbs.coolpad.com/forum.php?mod=viewthread&tid=2706675" -H "Connection: keep-alive" -H "RA-Ver: 2.2.25" --data "message=%E9%9D%9E%E5%B8%B8%E5%80%BC%E5%BE%97%E8%AF%95%E7%94%A8%E7%9A%84%E4%B8%80%E4%B8%AA%E7%89%88%E6%9C%AC%7B%3A4_129%3A%7D&posttime=1404306799388&formhash=2f6102a2&usesig=1&subject=++" --compressed
Are You going to sleep????????????????
10 ---> Wed Jul 02 2014 06:14:02 GMT-0700 (PDT) ---->> curl "http://bbs.coolpad.com/forum.php?mod=post&action=reply&fid=1063&tid=2641470&extra=page"%"3D1&replysubmit=yes&infloat=yes&handlekey=fastpost&inajax=1" -H "Cookie: CP_SW_U_Id=0d60d240-198c-4b09-b678-1823761f3963_74wff3; W_CP_T_Id=dt9_742fedda9d-a96c-43fb-b427-5676a15ad6d1s1sr; cpsCookie="%"7B"%"22wi"%"22"%"3A"%"22MTUwfDAwMTcwZTAzNjgzODkwYmEwZDM0"%"22"%"2C"%"22src"%"22"%"3A"%"22yiqifa"%"22"%"2C"%"22cid"%"22"%"3A"%"2217169"%"22"%"2C"%"22channel"%"22"%"3A"%"22cps"%"22"%"7D; oYME_2132_saltkey=V17T5d8d; oYME_2132_lastvisit=1404127758; oYME_2132_auth=7504zKUlXU3RfwyGH5Ejth8bGTLxJaSJhAVu8NKPr8URT0s1ogjniqtQv4Sg7GYcfOsUfF"%"2F61hM0m"%"2FHMLgiQFbTI0"%"2Bgm; oYME_2132_lip=61.141.236.19"%"2C1404131369; oYME_2132_nofavfid=1; oYME_2132_atarget=1; oYME_2132_home_diymode=1; oYME_2132_security_cookiereport=bc4cE76i2LrZKZotfjsF"%"2BZGpY"%"2F"%"2F"%"2FAFRNEL7F6eZ9PBF0NLwTyIh6; oYME_2132_ulastactivity=1404305055"%"7C0; oYME_2132_sendmail=1; oYME_2132_lastcheckfeed=3514011"%"7C1404305151; oYME_2132_st_t=3514011"%"7C1404305154"%"7C4a5992d5a4c104c3571ba467d256f197; oYME_2132_forum_lastvisit=D_1090_1404131398D_1086_1404305154; oYME_2132_visitedfid=1086D1090D1059D1067D1075; oYME_2132_lastact=1404305159"%"09forum.php"%"09viewthread; oYME_2132_connect_is_bind=0; oYME_2132_st_p=3514011"%"7C1404305159"%"7C71c1df262f6e612ebf82d561e6fd7d7b; oYME_2132_viewid=tid_2706675; oYME_2132_smile=1D1; Hm_lvt_519b9dfdb2cec4e6976825a44673072f=1404120543; Hm_lpvt_519b9dfdb2cec4e6976825a44673072f=1404305161; oYME_2132_noticeTitle=1" -H "RA-Sid: 3D8DEC13-20140630-025524-7be0a2-6e9f88" -H "Origin: http://bbs.coolpad.com" -H "Accept-Encoding: gzip,deflate,sdch" -H "Accept-Language: zh-CN,zh;q=0.8,en;q=0.6,zh-TW;q=0.4" -H "User-Agent: Mozilla/5.0 (Windows NT 5.1) AppleWebKit/537.36 (KHTML, like Gecko) Chrome/34.0.1847.137 Safari/537.36" -H "Content-Type: application/x-www-form-urlencoded" -H "Accept: text/html,application/xhtml+xml,application/xml;q=0.9,image/webp,*/*;q=0.8" -H "Cache-Control: max-age=0" -H "Referer: http://bbs.coolpad.com/forum.php?mod=viewthread&tid=2706675" -H "Connection: keep-alive" -H "RA-Ver: 2.2.25" --data "message=Come%20on%20baby!%20Let%20me%20%20try%20%E4%B8%80%20try%20agagin%20!%7B%3A4_111%3A%7D&posttime=1404306842081&formhash=2f6102a2&usesig=1&subject=++" --compressed
Are You going to sleep????????????????
